This is XeTeX, Version 3.14159265-2.6-0.99991 (TeX Live 2014) (preloaded format=xelatex 2015.2.16)  15 FEB 2016 11:15
entering extended mode
 restricted \write18 enabled.
 %&-line parsing enabled.
**ChatAppsFormat.tex
(./ChatAppsFormat.tex
LaTeX2e <2014/05/01>
Babel <3.9k> and hyphenation patterns for 21 languages loaded.
(./towcenter-guideto-book.cls
Document Class: towcenter-guideto-book 2010/03/28 v3.5.1 Tufte-book class
(./towcenter-guideto-common.def
File: towcenter-common.def 2011/06/18 v3.5.2 Common code for the towcenter-LaTe
X styles

(/usr/local/texlive/2014basic/texmf-dist/tex/latex/xkeyval/xkeyval.sty
Package: xkeyval 2014/12/03 v2.7a package option processing (HA)

(/usr/local/texlive/2014basic/texmf-dist/tex/generic/xkeyval/xkeyval.tex
(/usr/local/texlive/2014basic/texmf-dist/tex/generic/xkeyval/xkvutils.tex
\XKV@toks=\toks14
\XKV@tempa@toks=\toks15

(/usr/local/texlive/2014basic/texmf-dist/tex/generic/xkeyval/keyval.tex))
\XKV@depth=\count80
File: xkeyval.tex 2014/12/03 v2.7a key=value parser (HA)
))
(/usr/local/texlive/2014basic/texmf-dist/tex/xelatex/xifthen/xifthen.sty
Package: xifthen 2009/04/17 v1.3 Extended ifthen features

(/usr/local/texlive/2014basic/texmf-dist/tex/latex/etex-pkg/etex.sty
Package: etex 2015/03/02 v2.1 eTeX basic definition package (PEB,DPC)
\et@xins=\count81
)
(/usr/local/texlive/2014basic/texmf-dist/tex/latex/tools/calc.sty
Package: calc 2014/10/28 v4.3 Infix arithmetic (KKT,FJ)
\calc@Acount=\count82
\calc@Bcount=\count83
\calc@Adimen=\dimen102
\calc@Bdimen=\dimen103
\calc@Askip=\skip41
\calc@Bskip=\skip42
LaTeX Info: Redefining \setlength on input line 75.
LaTeX Info: Redefining \addtolength on input line 76.
\calc@Ccount=\count84
\calc@Cskip=\skip43
)
(/usr/local/texlive/2014basic/texmf-dist/tex/latex/base/ifthen.sty
Package: ifthen 2014/09/29 v1.1c Standard LaTeX ifthen package (DPC)
)
(/usr/local/texlive/2014basic/texmf-dist/tex/xelatex/ifmtarg/ifmtarg.sty
Package: ifmtarg 2009/09/02 v1.2a check for an empty argument
))
(/usr/local/texlive/2014basic/texmf-dist/tex/latex/hardwrap/hardwrap.sty
Package: hardwrap 2011/02/12 v0.2 Hard wrap messages

(/usr/local/texlive/2014basic/texmf-dist/tex/generic/oberdiek/pdftexcmds.sty
Package: pdftexcmds 2011/11/29 v0.20 Utility functions of pdfTeX for LuaTeX (HO
)

(/usr/local/texlive/2014basic/texmf-dist/tex/generic/oberdiek/infwarerr.sty
Package: infwarerr 2010/04/08 v1.3 Providing info/warning/error messages (HO)
)
(/usr/local/texlive/2014basic/texmf-dist/tex/generic/oberdiek/ifluatex.sty
Package: ifluatex 2010/03/01 v1.3 Provides the ifluatex switch (HO)
Package ifluatex Info: LuaTeX not detected.
)
(/usr/local/texlive/2014basic/texmf-dist/tex/generic/oberdiek/ltxcmds.sty
Package: ltxcmds 2011/11/09 v1.22 LaTeX kernel commands for general use (HO)
)
(/usr/local/texlive/2014basic/texmf-dist/tex/generic/oberdiek/ifpdf.sty
Package: ifpdf 2011/01/30 v2.3 Provides the ifpdf switch (HO)
Package ifpdf Info: pdfTeX in PDF mode is not detected.
)
Package pdftexcmds Info: LuaTeX not detected.
Package pdftexcmds Info: pdfTeX >= 1.30 not detected.
Package pdftexcmds Info: \pdf@primitive is available.
Package pdftexcmds Info: \pdf@ifprimitive is available.
Package pdftexcmds Info: \pdfdraftmode not found.
)
(/usr/local/texlive/2014basic/texmf-dist/tex/generic/ifxetex/ifxetex.sty
Package: ifxetex 2010/09/12 v0.6 Provides ifxetex conditional
)
\hw@charcount=\count85
\hw@wordcount=\count86
\hw@maxprintline=\count87
)
Class towcenter-guideto-book Info: The `symmetric' option implies `twoside'
Class towcenter-guideto-book Info: Passing the `twoside' option to the `book' c
lass
Class towcenter-guideto-book Info: Loading the base class `book'

(/usr/local/texlive/2014basic/texmf-dist/tex/latex/base/book.cls
Document Class: book 2014/09/29 v1.4h Standard LaTeX document class
(/usr/local/texlive/2014basic/texmf-dist/tex/latex/base/bk10.clo
File: bk10.clo 2014/09/29 v1.4h Standard LaTeX file (size option)
)
\c@part=\count88
\c@chapter=\count89
\c@section=\count90
\c@subsection=\count91
\c@subsubsection=\count92
\c@paragraph=\count93
\c@subparagraph=\count94
\c@figure=\count95
\c@table=\count96
\abovecaptionskip=\skip44
\belowcaptionskip=\skip45
\bibindent=\dimen104
)
(/usr/local/texlive/2014basic/texmf-dist/tex/latex/xltxtra/xltxtra.sty
Package: xltxtra 2010/09/20 v0.5e Improvements for the "XeLaTeX" format

(/usr/local/texlive/2014basic/texmf-dist/tex/latex/fontspec/fontspec.sty
Package: fontspec 2015/03/14 v2.4c Font selection for XeLaTeX and LuaLaTeX

(/usr/local/texlive/2014basic/texmf-dist/tex/latex/l3kernel/expl3.sty
Package: expl3 2015/03/01 v5547 L3 programming layer (loader) 

(/usr/local/texlive/2014basic/texmf-dist/tex/latex/l3kernel/expl3-code.tex
Package: expl3 2015/03/01 v5547 L3 programming layer (code) 
L3 Module: l3bootstrap 2015/02/28 v5542 L3 Bootstrap code
L3 Module: l3names 2015/02/24 v5535 L3 Namespace for primitives
L3 Module: l3basics 2015/01/27 v5500 L3 Basic definitions
L3 Module: l3expan 2014/11/27 v5472 L3 Argument expansion
L3 Module: l3tl 2015/01/27 v5500 L3 Token lists
L3 Module: l3str 2015/03/01 v5545 L3 Strings
L3 Module: l3seq 2014/08/23 v5354 L3 Sequences and stacks
L3 Module: l3int 2015/02/21 v5529 L3 Integers
\c_max_int=\count97
\l_tmpa_int=\count98
\l_tmpb_int=\count99
\g_tmpa_int=\count100
\g_tmpb_int=\count101
L3 Module: l3quark 2014/08/23 v5354 L3 Quarks
L3 Module: l3prg 2014/08/23 v5354 L3 Control structures
\g__prg_map_int=\count102
L3 Module: l3clist 2014/08/23 v5354 L3 Comma separated lists
L3 Module: l3token 2014/09/15 v5422 L3 Experimental token manipulation
L3 Module: l3prop 2014/08/23 v5354 L3 Property lists
L3 Module: l3msg 2015/02/26 v5537 L3 Messages
L3 Module: l3file 2014/08/24 v5369 L3 File and I/O operations
\l_iow_line_count_int=\count103
\l__iow_target_count_int=\count104
\l__iow_current_line_int=\count105
\l__iow_current_word_int=\count106
\l__iow_current_indentation_int=\count107
L3 Module: l3skip 2014/08/23 v5354 L3 Dimensions and skips
\c_zero_dim=\dimen105
\c_max_dim=\dimen106
\l_tmpa_dim=\dimen107
\l_tmpb_dim=\dimen108
\g_tmpa_dim=\dimen109
\g_tmpb_dim=\dimen110
\c_zero_skip=\skip46
\c_max_skip=\skip47
\l_tmpa_skip=\skip48
\l_tmpb_skip=\skip49
\g_tmpa_skip=\skip50
\g_tmpb_skip=\skip51
\c_zero_muskip=\muskip10
\c_max_muskip=\muskip11
\l_tmpa_muskip=\muskip12
\l_tmpb_muskip=\muskip13
\g_tmpa_muskip=\muskip14
\g_tmpb_muskip=\muskip15
L3 Module: l3keys 2015/01/27 v5500 L3 Key-value interfaces
\g__keyval_level_int=\count108
\l_keys_choice_int=\count109
L3 Module: l3fp 2014/08/22 v5336 L3 Floating points
\c__fp_leading_shift_int=\count110
\c__fp_middle_shift_int=\count111
\c__fp_trailing_shift_int=\count112
\c__fp_big_leading_shift_int=\count113
\c__fp_big_middle_shift_int=\count114
\c__fp_big_trailing_shift_int=\count115
\c__fp_Bigg_leading_shift_int=\count116
\c__fp_Bigg_middle_shift_int=\count117
\c__fp_Bigg_trailing_shift_int=\count118
L3 Module: l3box 2014/08/23 v5354 L3 Experimental boxes
\c_empty_box=\box26
\l_tmpa_box=\box27
\l_tmpb_box=\box28
\g_tmpa_box=\box29
\g_tmpb_box=\box30
L3 Module: l3coffins 2014/08/23 v5354 L3 Coffin code layer
\l__coffin_internal_box=\box31
\l__coffin_internal_dim=\dimen111
\l__coffin_offset_x_dim=\dimen112
\l__coffin_offset_y_dim=\dimen113
\l__coffin_x_dim=\dimen114
\l__coffin_y_dim=\dimen115
\l__coffin_x_prime_dim=\dimen116
\l__coffin_y_prime_dim=\dimen117
\c_empty_coffin=\box32
\l__coffin_aligned_coffin=\box33
\l__coffin_aligned_internal_coffin=\box34
\l_tmpa_coffin=\box35
\l_tmpb_coffin=\box36
\l__coffin_display_coffin=\box37
\l__coffin_display_coord_coffin=\box38
\l__coffin_display_pole_coffin=\box39
\l__coffin_display_offset_dim=\dimen118
\l__coffin_display_x_dim=\dimen119
\l__coffin_display_y_dim=\dimen120
L3 Module: l3color 2014/08/23 v5354 L3 Experimental color support
L3 Module: l3candidates 2015/03/01 v5544 L3 Experimental additions to l3kernel
\l__box_top_dim=\dimen121
\l__box_bottom_dim=\dimen122
\l__box_left_dim=\dimen123
\l__box_right_dim=\dimen124
\l__box_top_new_dim=\dimen125
\l__box_bottom_new_dim=\dimen126
\l__box_left_new_dim=\dimen127
\l__box_right_new_dim=\dimen128
\l__box_internal_box=\box40
\l__coffin_bounding_shift_dim=\dimen129
\l__coffin_left_corner_dim=\dimen130
\l__coffin_right_corner_dim=\dimen131
\l__coffin_bottom_corner_dim=\dimen132
\l__coffin_top_corner_dim=\dimen133
\l__coffin_scaled_total_height_dim=\dimen134
\l__coffin_scaled_width_dim=\dimen135
)
(/usr/local/texlive/2014basic/texmf-dist/tex/latex/l3kernel/l3unicode-data.def
File: l3unicode-data.def 2015/03/01 v5544 L3 Unicode data
) (/usr/local/texlive/2014basic/texmf-dist/tex/latex/l3kernel/l3xdvipdfmx.def
File: l3xdvidpfmx.def 2015/03/01 v5544 L3 Experimental driver: xdvipdfmx
))
(/usr/local/texlive/2014basic/texmf-dist/tex/latex/l3packages/xparse/xparse.sty
Package: xparse 2014/11/25 v5471 L3 Experimental document command parser
\l__xparse_current_arg_int=\count119
\l__xparse_m_args_int=\count120
\l__xparse_mandatory_args_int=\count121
\l__xparse_processor_int=\count122
\l__xparse_v_nesting_int=\count123
)
\l_fontspec_script_int=\count124
\l_fontspec_language_int=\count125
\l_fontspec_strnum_int=\count126
\l__fontspec_tmpa_dim=\dimen136
\l__fontspec_tmpb_dim=\dimen137
\l__fontspec_tmpc_dim=\dimen138
Variant \tl_gset:cV already defined; not changing it on line 71

(/usr/local/texlive/2014basic/texmf-dist/tex/latex/fontspec/fontspec-patches.st
y
Package: fontspec-patches 2015/03/14 v2.4c Font selection for XeLaTeX and LuaLa
TeX
LaTeX Info: Redefining \em on input line 49.
LaTeX Info: Redefining \emph on input line 57.
LaTeX Info: Redefining \- on input line 60.
.................................................
. LaTeX info: "xparse/redefine-command"
. 
. Redefining command \oldstylenums with sig. 'm' on line 155.
.................................................
.................................................
. LaTeX info: "xparse/define-command"
. 
. Defining command \liningnums with sig. 'm' on line 159.
.................................................
)
(/usr/local/texlive/2014basic/texmf-dist/tex/latex/fontspec/fontspec-xetex.sty
Package: fontspec-xetex 2015/03/14 v2.4c Font selection for XeLaTeX and LuaLaTe
X

(/usr/local/texlive/2014basic/texmf-dist/tex/latex/base/fontenc.sty
Package: fontenc 2005/09/27 v1.99g Standard LaTeX package

(/usr/local/texlive/2014basic/texmf-dist/tex/latex/euenc/eu1enc.def
File: eu1enc.def 2010/05/27 v0.1h Experimental Unicode font encodings
)
LaTeX Font Info:    Try loading font information for EU1+lmr on input line 100.


(/usr/local/texlive/2014basic/texmf-dist/tex/latex/euenc/eu1lmr.fd
File: eu1lmr.fd 2009/10/30 v1.6 Font defs for Latin Modern
))
(/usr/local/texlive/2014basic/texmf-dist/tex/xelatex/xunicode/xunicode.sty
File: xunicode.sty 2011/09/09 v0.981 provides access to latin accents and many 
other characters in Unicode lower plane

(/usr/local/texlive/2014basic/texmf-dist/tex/latex/tipa/t3enc.def
File: t3enc.def 2001/12/31 T3 encoding
LaTeX Font Info:    Try loading font information for EU1+lmss on input line 357
.

(/usr/local/texlive/2014basic/texmf-dist/tex/latex/euenc/eu1lmss.fd
File: eu1lmss.fd 2009/10/30 v1.6 Font defs for Latin Modern
))
\tipaTiiicode=\count127
\tipasavetokens=\toks16
\tipachecktokens=\toks17

(/usr/local/texlive/2014basic/texmf-dist/tex/latex/graphics/graphicx.sty
Package: graphicx 2014/10/28 v1.0g Enhanced LaTeX Graphics (DPC,SPQR)

(/usr/local/texlive/2014basic/texmf-dist/tex/latex/graphics/graphics.sty
Package: graphics 2014/10/28 v1.0p Standard LaTeX Graphics (DPC,SPQR)

(/usr/local/texlive/2014basic/texmf-dist/tex/latex/graphics/trig.sty
Package: trig 1999/03/16 v1.09 sin cos tan (DPC)
)
(/usr/local/texlive/2014basic/texmf-dist/tex/latex/latexconfig/graphics.cfg
File: graphics.cfg 2010/04/23 v1.9 graphics configuration of TeX Live
)
Package graphics Info: Driver file: xetex.def on input line 91.

(/usr/local/texlive/2014basic/texmf-dist/tex/xelatex/xetex-def/xetex.def
File: xetex.def 2015/03/25 v4.04 LaTeX color/graphics driver for XeTeX (TeX Liv
e/RRM/JK)
))
\Gin@req@height=\dimen139
\Gin@req@width=\dimen140
))
.................................................
. LaTeX info: "xparse/define-command"
. 
. Defining command \__fontspec_post_arg:w with sig. 'mmO{}' on line 42.
.................................................
.................................................
. LaTeX info: "xparse/define-command"
. 
. Defining command \fontspec with sig. 'om' on line 44.
.................................................
.................................................
. LaTeX info: "xparse/define-command"
. 
. Defining command \setmainfont with sig. 'om' on line 54.
.................................................
.................................................
. LaTeX info: "xparse/define-command"
. 
. Defining command \setsansfont with sig. 'om' on line 64.
.................................................
.................................................
. LaTeX info: "xparse/define-command"
. 
. Defining command \setmonofont with sig. 'om' on line 74.
.................................................
.................................................
. LaTeX info: "xparse/define-command"
. 
. Defining command \setmathrm with sig. 'om' on line 88.
.................................................
.................................................
. LaTeX info: "xparse/define-command"
. 
. Defining command \setboldmathrm with sig. 'om' on line 96.
.................................................
.................................................
. LaTeX info: "xparse/define-command"
. 
. Defining command \setmathsf with sig. 'om' on line 104.
.................................................
.................................................
. LaTeX info: "xparse/define-command"
. 
. Defining command \setmathtt with sig. 'om' on line 112.
.................................................
.................................................
. LaTeX info: "xparse/define-command"
. 
. Defining command \newfontfamily with sig. 'mom' on line 126.
.................................................
.................................................
. LaTeX info: "xparse/define-command"
. 
. Defining command \newfontface with sig. 'mom' on line 141.
.................................................
.................................................
. LaTeX info: "xparse/define-command"
. 
. Defining command \defaultfontfeatures with sig. 't+om' on line 155.
.................................................
.................................................
. LaTeX info: "xparse/define-command"
. 
. Defining command \addfontfeatures with sig. 'm' on line 210.
.................................................
.................................................
. LaTeX info: "xparse/define-command"
. 
. Defining command \newfontfeature with sig. 'mm' on line 221.
.................................................
.................................................
. LaTeX info: "xparse/define-command"
. 
. Defining command \newAATfeature with sig. 'mmmm' on line 229.
.................................................
.................................................
. LaTeX info: "xparse/define-command"
. 
. Defining command \newopentypefeature with sig. 'mmm' on line 237.
.................................................
.................................................
. LaTeX info: "xparse/define-command"
. 
. Defining command \aliasfontfeature with sig. 'mm' on line 261.
.................................................
.................................................
. LaTeX info: "xparse/define-command"
. 
. Defining command \aliasfontfeatureoption with sig. 'mmm' on line 270.
.................................................
.................................................
. LaTeX info: "xparse/define-command"
. 
. Defining command \newfontscript with sig. 'mm' on line 275.
.................................................
.................................................
. LaTeX info: "xparse/define-command"
. 
. Defining command \newfontlanguage with sig. 'mm' on line 301.
.................................................
.................................................
. LaTeX info: "xparse/define-command"
. 
. Defining command \DeclareFontsExtensions with sig. 'm' on line 321.
.................................................
Variant \prop_gput:cnV already defined; not changing it on line 704
Variant \prop_gput:cnx already defined; not changing it on line 705
\l__fontspec_tmp_int=\count128
LaTeX Info: Redefining \itshape on input line 2232.
LaTeX Info: Redefining \slshape on input line 2237.
LaTeX Info: Redefining \scshape on input line 2242.
LaTeX Info: Redefining \upshape on input line 2247.

(/usr/local/texlive/2014basic/texmf-dist/tex/latex/fontspec/fontspec.cfg)))
(/usr/local/texlive/2014basic/texmf-dist/tex/latex/realscripts/realscripts.sty
Package: realscripts 2013/03/18 v0.3c Access OpenType subscripts and superscrip
ts
.................................................
. LaTeX info: "xparse/define-command"
. 
. Defining command \fakesubscript with sig. 'm' on line 19.
.................................................
.................................................
. LaTeX info: "xparse/define-command"
. 
. Defining command \fakesuperscript with sig. 'm' on line 22.
.................................................
.................................................
. LaTeX info: "xparse/redefine-command"
. 
. Redefining command \textsubscript with sig. 's' on line 25.
.................................................
.................................................
. LaTeX info: "xparse/redefine-command"
. 
. Redefining command \textsuperscript with sig. 's' on line 28.
.................................................
.................................................
. LaTeX info: "xparse/define-command"
. 
. Defining command \realsubscript with sig. 'm' on line 45.
.................................................
.................................................
. LaTeX info: "xparse/define-command"
. 
. Defining command \realsuperscript with sig. 'm' on line 60.
.................................................
.................................................
. LaTeX info: "xparse/define-command"
. 
. Defining command \textsubsuperscript with sig. 'sO{l}mm' on line 138.
.................................................
.................................................
. LaTeX info: "xparse/define-command"
. 
. Defining command \textsupersubscript with sig. 'sO{l}mm' on line 143.
.................................................
\subsupersep=\dimen141
) (/usr/local/texlive/2014basic/texmf-dist/tex/latex/metalogo/metalogo.sty
Package: metalogo 2010/05/29 v0.12 Extended TeX logo macros
\xl@everylogo=\toks18
\xl@@everylogo=\toks19
LaTeX Info: Redefining \TeX on input line 193.
LaTeX Info: Redefining \LaTeX on input line 202.
LaTeX Info: Redefining \LaTeXe on input line 219.
)
\xxt@tempbox=\box41
)
(/usr/local/texlive/2014basic/texmf-dist/tex/xelatex/titlesec/titlesec.sty
Package: titlesec 2011/12/15 v2.10.0 Sectioning titles
\ttl@box=\box42
\beforetitleunit=\skip52
\aftertitleunit=\skip53
\ttl@plus=\dimen142
\ttl@minus=\dimen143
\ttl@toksa=\toks20
\titlewidth=\dimen144
\titlewidthlast=\dimen145
\titlewidthfirst=\dimen146
)
(/usr/local/texlive/2014basic/texmf-dist/tex/xelatex/titlesec/titletoc.sty
Package: titletoc 2011/12/15 v1.6 TOC entries
\ttl@leftsep=\dimen147
)
(/usr/local/texlive/2014basic/texmf-dist/tex/latex/hyperref/hyperref.sty
Package: hyperref 2012/11/06 v6.83m Hypertext links for LaTeX

(/usr/local/texlive/2014basic/texmf-dist/tex/generic/oberdiek/hobsub-hyperref.s
ty
Package: hobsub-hyperref 2012/05/28 v1.13 Bundle oberdiek, subset hyperref (HO)


(/usr/local/texlive/2014basic/texmf-dist/tex/generic/oberdiek/hobsub-generic.st
y
Package: hobsub-generic 2012/05/28 v1.13 Bundle oberdiek, subset generic (HO)
Package: hobsub 2012/05/28 v1.13 Construct package bundles (HO)
Package hobsub Info: Skipping package `infwarerr' (already loaded).
Package hobsub Info: Skipping package `ltxcmds' (already loaded).
Package hobsub Info: Skipping package `ifluatex' (already loaded).
Package: ifvtex 2010/03/01 v1.5 Detect VTeX and its facilities (HO)
Package ifvtex Info: VTeX not detected.
Package: intcalc 2007/09/27 v1.1 Expandable calculations with integers (HO)
Package hobsub Info: Skipping package `ifpdf' (already loaded).
Package: etexcmds 2011/02/16 v1.5 Avoid name clashes with e-TeX commands (HO)
Package etexcmds Info: Could not find \expanded.
(etexcmds)             That can mean that you are not using pdfTeX 1.50 or
(etexcmds)             that some package has redefined \expanded.
(etexcmds)             In the latter case, load this package earlier.
Package: kvsetkeys 2012/04/25 v1.16 Key value parser (HO)
Package: kvdefinekeys 2011/04/07 v1.3 Define keys (HO)
Package hobsub Info: Skipping package `pdftexcmds' (already loaded).
Package: pdfescape 2011/11/25 v1.13 Implements pdfTeX's escape features (HO)
Package: bigintcalc 2012/04/08 v1.3 Expandable calculations on big integers (HO
)
Package: bitset 2011/01/30 v1.1 Handle bit-vector datatype (HO)
Package: uniquecounter 2011/01/30 v1.2 Provide unlimited unique counter (HO)
)
Package hobsub Info: Skipping package `hobsub' (already loaded).
Package: letltxmacro 2010/09/02 v1.4 Let assignment for LaTeX macros (HO)
Package: hopatch 2012/05/28 v1.2 Wrapper for package hooks (HO)
Package: xcolor-patch 2011/01/30 xcolor patch
Package: atveryend 2011/06/30 v1.8 Hooks at the very end of document (HO)
Package atveryend Info: \enddocument detected (standard20110627).
Package: atbegshi 2011/10/05 v1.16 At begin shipout hook (HO)
Package: refcount 2011/10/16 v3.4 Data extraction from label references (HO)
Package: hycolor 2011/01/30 v1.7 Color options for hyperref/bookmark (HO)
) (/usr/local/texlive/2014basic/texmf-dist/tex/latex/oberdiek/auxhook.sty
Package: auxhook 2011/03/04 v1.3 Hooks for auxiliary files (HO)
)
(/usr/local/texlive/2014basic/texmf-dist/tex/latex/oberdiek/kvoptions.sty
Package: kvoptions 2011/06/30 v3.11 Key value format for package options (HO)
)
\@linkdim=\dimen148
\Hy@linkcounter=\count129
\Hy@pagecounter=\count130

(/usr/local/texlive/2014basic/texmf-dist/tex/latex/hyperref/pd1enc.def
File: pd1enc.def 2012/11/06 v6.83m Hyperref: PDFDocEncoding definition (HO)
)
\Hy@SavedSpaceFactor=\count131

(/usr/local/texlive/2014basic/texmf-dist/tex/latex/latexconfig/hyperref.cfg
File: hyperref.cfg 2002/06/06 v1.2 hyperref configuration of TeXLive
)
Package hyperref Info: Option `unicode' set `true' on input line 4319.

(/usr/local/texlive/2014basic/texmf-dist/tex/latex/hyperref/puenc.def
File: puenc.def 2012/11/06 v6.83m Hyperref: PDF Unicode definition (HO)
)
Package hyperref Info: Option `hyperfootnotes' set `false' on input line 4319.
Package hyperref Info: Hyper figures OFF on input line 4443.
Package hyperref Info: Link nesting OFF on input line 4448.
Package hyperref Info: Hyper index ON on input line 4451.
Package hyperref Info: Plain pages OFF on input line 4458.
Package hyperref Info: Backreferencing OFF on input line 4463.
Package hyperref Info: Implicit mode ON; LaTeX internals redefined.
Package hyperref Info: Bookmarks ON on input line 4688.
\c@Hy@tempcnt=\count132

(/usr/local/texlive/2014basic/texmf-dist/tex/latex/url/url.sty
\Urlmuskip=\muskip16
Package: url 2013/09/16  ver 3.4  Verb mode for urls, etc.
)
LaTeX Info: Redefining \url on input line 5041.
\XeTeXLinkMargin=\dimen149
\Fld@menulength=\count133
\Field@Width=\dimen150
\Fld@charsize=\dimen151
Package hyperref Info: Hyper figures OFF on input line 6295.
Package hyperref Info: Link nesting OFF on input line 6300.
Package hyperref Info: Hyper index ON on input line 6303.
Package hyperref Info: backreferencing OFF on input line 6310.
Package hyperref Info: Link coloring OFF on input line 6315.
Package hyperref Info: Link coloring with OCG OFF on input line 6320.
Package hyperref Info: PDF/A mode OFF on input line 6325.
LaTeX Info: Redefining \ref on input line 6365.
LaTeX Info: Redefining \pageref on input line 6369.
\Hy@abspage=\count134
\c@Item=\count135
)

Package hyperref Message: Driver: hxetex.

(/usr/local/texlive/2014basic/texmf-dist/tex/latex/hyperref/hxetex.def
File: hxetex.def 2012/11/06 v6.83m Hyperref driver for XeTeX

(/usr/local/texlive/2014basic/texmf-dist/tex/generic/oberdiek/stringenc.sty
Package: stringenc 2011/12/02 v1.10 Convert strings between diff. encodings (HO
)
)
\pdfm@box=\box43
\c@Hy@AnnotLevel=\count136
\HyField@AnnotCount=\count137
\Fld@listcount=\count138
\c@bookmark@seq@number=\count139

(/usr/local/texlive/2014basic/texmf-dist/tex/latex/oberdiek/rerunfilecheck.sty
Package: rerunfilecheck 2011/04/15 v1.7 Rerun checks for auxiliary files (HO)
Package rerunfilecheck Info: Feature \pdfmdfivesum is not available
(rerunfilecheck)             (e.g. pdfTeX or LuaTeX with package `pdftexcmds').

(rerunfilecheck)             Therefore file contents cannot be checked efficien
tly
(rerunfilecheck)             and the loading of the package is aborted.
)
\Hy@SectionHShift=\skip54
) (/usr/local/texlive/2014basic/texmf-dist/tex/latex/ms/ragged2e.sty
Package: ragged2e 2009/05/21 v2.1 ragged2e Package (MS)

(/usr/local/texlive/2014basic/texmf-dist/tex/latex/ms/everysel.sty
Package: everysel 2011/10/28 v1.2 EverySelectfont Package (MS)
)
\CenteringLeftskip=\skip55
\RaggedLeftLeftskip=\skip56
\RaggedRightLeftskip=\skip57
\CenteringRightskip=\skip58
\RaggedLeftRightskip=\skip59
\RaggedRightRightskip=\skip60
\CenteringParfillskip=\skip61
\RaggedLeftParfillskip=\skip62
\RaggedRightParfillskip=\skip63
\JustifyingParfillskip=\skip64
\CenteringParindent=\skip65
\RaggedLeftParindent=\skip66
\RaggedRightParindent=\skip67
\JustifyingParindent=\skip68
)
(/usr/local/texlive/2014basic/texmf-dist/tex/latex/geometry/geometry.sty
Package: geometry 2010/09/12 v5.6 Page Geometry
\Gm@cnth=\count140
\Gm@cntv=\count141
\c@Gm@tempcnt=\count142
\Gm@bindingoffset=\dimen152
\Gm@wd@mp=\dimen153
\Gm@odd@mp=\dimen154
\Gm@even@mp=\dimen155
\Gm@layoutwidth=\dimen156
\Gm@layoutheight=\dimen157
\Gm@layouthoffset=\dimen158
\Gm@layoutvoffset=\dimen159
\Gm@dimlist=\toks21
)
(/usr/local/texlive/2014basic/texmf-dist/tex/xelatex/changepage/changepage.sty
Package: changepage 2009/10/20 v1.0c check page and change page layout
\c@cp@cntr=\count143
\cp@tempcnt=\count144
)
\@towcenter@overhang=\skip69
\@towcenter@fullwidth=\skip70
\@towcenter@caption@fill=\skip71
(/usr/local/texlive/2014basic/texmf-dist/tex/xelatex/paralist/paralist.sty
Package: paralist 2013/06/09 v2.4 Extended list environments
\pltopsep=\skip72
\plpartopsep=\skip73
\plitemsep=\skip74
\plparsep=\skip75
\pl@lab=\toks22
)
(/usr/local/texlive/2014basic/texmf-dist/tex/latex/textcase/textcase.sty
Package: textcase 2004/10/07 v0.07 Text only upper/lower case changing (DPC)
)
(/usr/local/texlive/2014basic/texmf-dist/tex/latex/setspace/setspace.sty
Package: setspace 2011/12/19 v6.7a set line spacing
)
(/usr/local/texlive/2014basic/texmf-dist/tex/latex/xcolor/xcolor.sty
Package: xcolor 2007/01/21 v2.11 LaTeX color extensions (UK)

(/usr/local/texlive/2014basic/texmf-dist/tex/latex/latexconfig/color.cfg
File: color.cfg 2007/01/18 v1.5 color configuration of teTeX/TeXLive
)
Package xcolor Info: Package option `usenames' ignored on input line 216.
Package xcolor Info: Driver file: xetex.def on input line 225.
Package xcolor Info: Model `cmy' substituted by `cmy0' on input line 1337.
Package xcolor Info: Model `RGB' extended on input line 1353.
Package xcolor Info: Model `HTML' substituted by `rgb' on input line 1355.
Package xcolor Info: Model `Hsb' substituted by `hsb' on input line 1356.
Package xcolor Info: Model `tHsb' substituted by `hsb' on input line 1357.
Package xcolor Info: Model `HSB' substituted by `hsb' on input line 1358.
Package xcolor Info: Model `Gray' substituted by `gray' on input line 1359.
Package xcolor Info: Model `wave' substituted by `hsb' on input line 1360.

(/usr/local/texlive/2014basic/texmf-dist/tex/latex/graphics/dvipsnam.def
File: dvipsnam.def 2014/10/14 v3.0j Driver-dependent file (DPC,SPQR)
)
(/usr/local/texlive/2014basic/texmf-dist/tex/latex/xcolor/svgnam.def
File: svgnam.def 2007/01/21 v2.11 Predefined colors according to SVG 1.1 (UK)
))
(/usr/local/texlive/2014basic/texmf-dist/tex/xelatex/placeins/placeins.sty
Package: placeins 2005/04/18  v 2.2
)
\@towcenter@margin@floatbox=\box44
\@towcenter@figure@box=\box45
\@towcenter@caption@box=\box46
\@towcenter@caption@vertical@offset=\skip76
\@towcenter@float@contents@width=\skip77

(/usr/local/texlive/2014basic/texmf-dist/tex/latex/fancyhdr/fancyhdr.sty
\fancy@headwidth=\skip78
\f@ncyO@elh=\skip79
\f@ncyO@erh=\skip80
\f@ncyO@olh=\skip81
\f@ncyO@orh=\skip82
\f@ncyO@elf=\skip83
\f@ncyO@erf=\skip84
\f@ncyO@olf=\skip85
\f@ncyO@orf=\skip86
)
\towcenterskipamount=\skip87

(/usr/local/texlive/2014basic/texmf-dist/tex/latex/tools/multicol.sty
Package: multicol 2014/10/28 v1.8i multicolumn formatting (FMi)
\c@tracingmulticols=\count145
\mult@box=\box47
\multicol@leftmargin=\dimen160
\c@unbalance=\count146
\c@collectmore=\count147
\doublecol@number=\count148
\multicoltolerance=\count149
\multicolpretolerance=\count150
\full@width=\dimen161
\page@free=\dimen162
\premulticols=\dimen163
\postmulticols=\dimen164
\multicolsep=\skip88
\multicolbaselineskip=\skip89
\partial@page=\box48
\last@line=\box49
\maxbalancingoverflow=\dimen165
\mult@rightbox=\box50
\mult@grightbox=\box51
\mult@gfirstbox=\box52
\mult@firstbox=\box53
\@tempa=\box54
\@tempa=\box55
\@tempa=\box56
\@tempa=\box57
\@tempa=\box58
\@tempa=\box59
\@tempa=\box60
\@tempa=\box61
\@tempa=\box62
\@tempa=\box63
\@tempa=\box64
\@tempa=\box65
\@tempa=\box66
\@tempa=\box67
\@tempa=\box68
\@tempa=\box69
\@tempa=\box70
\c@columnbadness=\count151
\c@finalcolumnbadness=\count152
\last@try=\dimen166
\multicolovershoot=\dimen167
\multicolundershoot=\dimen168
\mult@nat@firstbox=\box71
\colbreak@box=\box72
\mc@col@check@num=\count153
)))
Package hyperref Info: Option `colorlinks' set `true' on input line 3.


Package hyperref Warning: Option `hyperfootnotes' has already been used,
(hyperref)                setting the option has no effect on input line 3.

(/usr/local/texlive/2014basic/texmf-dist/tex/latex/base/fontenc.sty
Package: fontenc 2005/09/27 v1.99g Standard LaTeX package

(/usr/local/texlive/2014basic/texmf-dist/tex/latex/base/t1enc.def
File: t1enc.def 2005/09/27 v1.99g Standard LaTeX file
LaTeX Font Info:    Redeclaring font encoding T1 on input line 43.
)
LaTeX Font Info:    Try loading font information for T1+lmr on input line 100.

(/usr/local/texlive/2014basic/texmf-dist/tex/latex/lm/t1lmr.fd
File: t1lmr.fd 2009/10/30 v1.6 Font defs for Latin Modern
))
(/usr/local/texlive/2014basic/texmf-dist/tex/latex/easylist/easylist.sty
Package: easylist 2014/01/11 v.1.4 Numbered items with a single command.
\el@CounterTotal=\count154
\el@Scratch=\count155
\el@ControlCounter=\count156
\el@CounterLevel=\count157
\c@List1=\count158
\c@List2=\count159
\c@List3=\count160
\c@List4=\count161
\c@List5=\count162
\c@List6=\count163
\c@List7=\count164
\c@List8=\count165
\c@List9=\count166
\c@List10=\count167
\el@ProgressiveDimension=\dimen169
\el@CounterBox=\box73
\el@ControlBox=\box74
\el@TotalMargin=\dimen170
\el@LeftMove=\dimen171
)
(/usr/local/texlive/2014basic/texmf-dist/tex/latex/base/textcomp.sty
Package: textcomp 2005/09/27 v1.99g Standard LaTeX package
Package textcomp Info: Sub-encoding information:
(textcomp)               5 = only ISO-Adobe without \textcurrency
(textcomp)               4 = 5 + \texteuro
(textcomp)               3 = 4 + \textohm
(textcomp)               2 = 3 + \textestimated + \textcurrency
(textcomp)               1 = TS1 - \textcircled - \t
(textcomp)               0 = TS1 (full)
(textcomp)             Font families with sub-encoding setting implement
(textcomp)             only a restricted character set as indicated.
(textcomp)             Family '?' is the default used for unknown fonts.
(textcomp)             See the documentation for details.
Package textcomp Info: Setting ? sub-encoding to TS1/1 on input line 71.

(/usr/local/texlive/2014basic/texmf-dist/tex/latex/base/ts1enc.def
File: ts1enc.def 2001/06/05 v3.0e (jk/car/fm) Standard LaTeX file
)
LaTeX Info: Redefining \oldstylenums on input line 266.
Package textcomp Info: Setting cmr sub-encoding to TS1/0 on input line 281.
Package textcomp Info: Setting cmss sub-encoding to TS1/0 on input line 282.
Package textcomp Info: Setting cmtt sub-encoding to TS1/0 on input line 283.
Package textcomp Info: Setting cmvtt sub-encoding to TS1/0 on input line 284.
Package textcomp Info: Setting cmbr sub-encoding to TS1/0 on input line 285.
Package textcomp Info: Setting cmtl sub-encoding to TS1/0 on input line 286.
Package textcomp Info: Setting ccr sub-encoding to TS1/0 on input line 287.
Package textcomp Info: Setting ptm sub-encoding to TS1/4 on input line 288.
Package textcomp Info: Setting pcr sub-encoding to TS1/4 on input line 289.
Package textcomp Info: Setting phv sub-encoding to TS1/4 on input line 290.
Package textcomp Info: Setting ppl sub-encoding to TS1/3 on input line 291.
Package textcomp Info: Setting pag sub-encoding to TS1/4 on input line 292.
Package textcomp Info: Setting pbk sub-encoding to TS1/4 on input line 293.
Package textcomp Info: Setting pnc sub-encoding to TS1/4 on input line 294.
Package textcomp Info: Setting pzc sub-encoding to TS1/4 on input line 295.
Package textcomp Info: Setting bch sub-encoding to TS1/4 on input line 296.
Package textcomp Info: Setting put sub-encoding to TS1/5 on input line 297.
Package textcomp Info: Setting uag sub-encoding to TS1/5 on input line 298.
Package textcomp Info: Setting ugq sub-encoding to TS1/5 on input line 299.
Package textcomp Info: Setting ul8 sub-encoding to TS1/4 on input line 300.
Package textcomp Info: Setting ul9 sub-encoding to TS1/4 on input line 301.
Package textcomp Info: Setting augie sub-encoding to TS1/5 on input line 302.
Package textcomp Info: Setting dayrom sub-encoding to TS1/3 on input line 303.
Package textcomp Info: Setting dayroms sub-encoding to TS1/3 on input line 304.

Package textcomp Info: Setting pxr sub-encoding to TS1/0 on input line 305.
Package textcomp Info: Setting pxss sub-encoding to TS1/0 on input line 306.
Package textcomp Info: Setting pxtt sub-encoding to TS1/0 on input line 307.
Package textcomp Info: Setting txr sub-encoding to TS1/0 on input line 308.
Package textcomp Info: Setting txss sub-encoding to TS1/0 on input line 309.
Package textcomp Info: Setting txtt sub-encoding to TS1/0 on input line 310.
Package textcomp Info: Setting lmr sub-encoding to TS1/0 on input line 311.
Package textcomp Info: Setting lmdh sub-encoding to TS1/0 on input line 312.
Package textcomp Info: Setting lmss sub-encoding to TS1/0 on input line 313.
Package textcomp Info: Setting lmssq sub-encoding to TS1/0 on input line 314.
Package textcomp Info: Setting lmvtt sub-encoding to TS1/0 on input line 315.
Package textcomp Info: Setting qhv sub-encoding to TS1/0 on input line 316.
Package textcomp Info: Setting qag sub-encoding to TS1/0 on input line 317.
Package textcomp Info: Setting qbk sub-encoding to TS1/0 on input line 318.
Package textcomp Info: Setting qcr sub-encoding to TS1/0 on input line 319.
Package textcomp Info: Setting qcs sub-encoding to TS1/0 on input line 320.
Package textcomp Info: Setting qpl sub-encoding to TS1/0 on input line 321.
Package textcomp Info: Setting qtm sub-encoding to TS1/0 on input line 322.
Package textcomp Info: Setting qzc sub-encoding to TS1/0 on input line 323.
Package textcomp Info: Setting qhvc sub-encoding to TS1/0 on input line 324.
Package textcomp Info: Setting futs sub-encoding to TS1/4 on input line 325.
Package textcomp Info: Setting futx sub-encoding to TS1/4 on input line 326.
Package textcomp Info: Setting futj sub-encoding to TS1/4 on input line 327.
Package textcomp Info: Setting hlh sub-encoding to TS1/3 on input line 328.
Package textcomp Info: Setting hls sub-encoding to TS1/3 on input line 329.
Package textcomp Info: Setting hlst sub-encoding to TS1/3 on input line 330.
Package textcomp Info: Setting hlct sub-encoding to TS1/5 on input line 331.
Package textcomp Info: Setting hlx sub-encoding to TS1/5 on input line 332.
Package textcomp Info: Setting hlce sub-encoding to TS1/5 on input line 333.
Package textcomp Info: Setting hlcn sub-encoding to TS1/5 on input line 334.
Package textcomp Info: Setting hlcw sub-encoding to TS1/5 on input line 335.
Package textcomp Info: Setting hlcf sub-encoding to TS1/5 on input line 336.
Package textcomp Info: Setting pplx sub-encoding to TS1/3 on input line 337.
Package textcomp Info: Setting pplj sub-encoding to TS1/3 on input line 338.
Package textcomp Info: Setting ptmx sub-encoding to TS1/4 on input line 339.
Package textcomp Info: Setting ptmj sub-encoding to TS1/4 on input line 340.
)
(/usr/local/texlive/2014basic/texmf-dist/tex/generic/babel/babel.sty
Package: babel 2014/09/25 3.9l The Babel package

(/usr/local/texlive/2014basic/texmf-dist/tex/generic/babel/switch.def
File: switch.def 2014/09/25 3.9l Babel switching mechanism
)
(/usr/local/texlive/2014basic/texmf-dist/tex/generic/babel-english/english.ldf
Language: english 2012/08/20 v3.3p English support from the babel system

(/usr/local/texlive/2014basic/texmf-dist/tex/generic/babel/babel.def
File: babel.def 2014/09/25 3.9l Babel common definitions
\babel@savecnt=\count168
\U@D=\dimen172

(/usr/local/texlive/2014basic/texmf-dist/tex/generic/babel/xebabel.def))
\l@canadian = a dialect from \language\l@american 
\l@australian = a dialect from \language\l@british 
\l@newzealand = a dialect from \language\l@british 
))
(/usr/local/texlive/2014basic/texmf-dist/tex/latex/csquotes/csquotes.sty
Package: csquotes 2011/10/22 v5.1d context-sensitive quotations

(/usr/local/texlive/2014basic/texmf-dist/tex/latex/etoolbox/etoolbox.sty
Package: etoolbox 2015/03/19 v2.1d e-TeX tools for LaTeX (JAW)
\etb@tempcnta=\count169
)
\csq@reset=\count170
\csq@gtype=\count171
\csq@glevel=\count172
\csq@qlevel=\count173
\csq@maxlvl=\count174
\csq@tshold=\count175
\csq@ltx@everypar=\toks23

(/usr/local/texlive/2014basic/texmf-dist/tex/latex/csquotes/csquotes.def
File: csquotes.def 2011/10/22 v5.1d csquotes generic definitions
)
Package csquotes Info: Trying to load configuration file 'csquotes.cfg'...
Package csquotes Info: ... configuration file loaded successfully.

(/usr/local/texlive/2014basic/texmf-dist/tex/latex/csquotes/csquotes.cfg
File: csquotes.cfg 
)
Package csquotes Info: Enabling multilingual quotes.
)
(/usr/local/texlive/2014basic/texmf-dist/tex/latex/endnotes/endnotes.sty
\c@endnote=\count176
\endnotesep=\dimen173
\@enotes=\write3
)
(/usr/local/texlive/2014basic/texmf-dist/tex/latex/enumitem/enumitem.sty
Package: enumitem 2011/09/28 v3.5.2 Customized lists
\enitkv@toks@=\toks24
\labelindent=\skip90
\enit@outerparindent=\dimen174
\enit@toks=\toks25
\enit@inbox=\box75
\enitdp@description=\count177
)
(/usr/local/texlive/2014basic/texmf-dist/tex/latex/wrapfig/wrapfig.sty
\wrapoverhang=\dimen175
\WF@size=\dimen176
\c@WF@wrappedlines=\count178
\WF@box=\box76
\WF@everypar=\toks26
Package: wrapfig 2003/01/31  v 3.6
)
(/usr/local/texlive/2014basic/texmf-dist/tex/latex/biblatex-chicago/biblatex-ch
icago.sty
Package: biblatex-chicago 2014/08/15 v 2.9a biblatex style

(/usr/local/texlive/2014basic/texmf-dist/tex/latex/biblatex/biblatex.sty
Package: biblatex 2014/06/25 v2.9a programmable bibliographies (PK/JW/AB)

(/usr/local/texlive/2014basic/texmf-dist/tex/latex/biblatex/biblatex2.sty
Package: biblatex2 2014/06/25 v2.9a programmable bibliographies (biber) (PK/JW/
AB)

(/usr/local/texlive/2014basic/texmf-dist/tex/latex/logreq/logreq.sty
Package: logreq 2010/08/04 v1.0 xml request logger
\lrq@indent=\count179

(/usr/local/texlive/2014basic/texmf-dist/tex/latex/logreq/logreq.def
File: logreq.def 2010/08/04 v1.0 logreq spec v1.0
))
\c@tabx@nest=\count180
\c@listtotal=\count181
\c@listcount=\count182
\c@liststart=\count183
\c@liststop=\count184
\c@citecount=\count185
\c@citetotal=\count186
\c@multicitecount=\count187
\c@multicitetotal=\count188
\c@instcount=\count189
\c@maxnames=\count190
\c@minnames=\count191
\c@maxitems=\count192
\c@minitems=\count193
\c@citecounter=\count194
\c@savedcitecounter=\count195
\c@uniquelist=\count196
\c@uniquename=\count197
\c@refsection=\count198
\c@refsegment=\count199
\c@maxextratitle=\count200
\c@maxextratitleyear=\count201
Normal \count register pool exhausted, switching to extended pool.
\c@maxextrayear=\count277
\c@maxextraalpha=\count278
\c@abbrvpenalty=\count279
\c@highnamepenalty=\count280
\c@lownamepenalty=\count281
\c@maxparens=\count282
\c@parenlevel=\count283
\blx@tempcnta=\count284
\blx@tempcntb=\count285
\blx@tempcntc=\count286
\blx@maxsection=\count287
\blx@maxsegment@0=\count288
\blx@notetype=\count289
\blx@parenlevel@text=\count290
\blx@parenlevel@foot=\count291
\blx@sectionciteorder@0=\count292
\labelnumberwidth=\skip91
\labelalphawidth=\skip92
\biblabelsep=\skip93
\bibitemsep=\skip94
\bibnamesep=\skip95
\bibinitsep=\skip96
\bibparsep=\skip97
\bibhang=\skip98
\blx@bcfin=\read1
\blx@bcfout=\write4
\c@mincomprange=\count293
\c@maxcomprange=\count294
\c@mincompwidth=\count295
Package biblatex Info: Trying to load biblatex default data model...
Package biblatex Info: ... file 'blx-dm.def' found.

(/usr/local/texlive/2014basic/texmf-dist/tex/latex/biblatex/blx-dm.def)
Package biblatex Info: Trying to load biblatex style data model...
Package biblatex Info: ... file 'chicago-notes15.dbx' not found.
Package biblatex Info: Trying to load biblatex custom data model...
Package biblatex Info: ... file 'biblatex-dm.cfg' not found.
\c@afterword=\count296
\c@savedafterword=\count297
\c@annotator=\count298
\c@savedannotator=\count299
\c@author=\count300
\c@savedauthor=\count301
\c@bookauthor=\count302
\c@savedbookauthor=\count303
\c@commentator=\count304
\c@savedcommentator=\count305
\c@editor=\count306
\c@savededitor=\count307
\c@editora=\count308
\c@savededitora=\count309
\c@editorb=\count310
\c@savededitorb=\count311
\c@editorc=\count312
\c@savededitorc=\count313
\c@foreword=\count314
\c@savedforeword=\count315
\c@holder=\count316
\c@savedholder=\count317
\c@introduction=\count318
\c@savedintroduction=\count319
\c@namea=\count320
\c@savednamea=\count321
\c@nameb=\count322
\c@savednameb=\count323
\c@namec=\count324
\c@savednamec=\count325
\c@translator=\count326
\c@savedtranslator=\count327
\c@shortauthor=\count328
\c@savedshortauthor=\count329
\c@shorteditor=\count330
\c@savedshorteditor=\count331
\c@labelname=\count332
\c@savedlabelname=\count333
\c@institution=\count334
\c@savedinstitution=\count335
\c@lista=\count336
\c@savedlista=\count337
\c@listb=\count338
\c@savedlistb=\count339
\c@listc=\count340
\c@savedlistc=\count341
\c@listd=\count342
\c@savedlistd=\count343
\c@liste=\count344
\c@savedliste=\count345
\c@listf=\count346
\c@savedlistf=\count347
\c@location=\count348
\c@savedlocation=\count349
\c@organization=\count350
\c@savedorganization=\count351
\c@origlocation=\count352
\c@savedoriglocation=\count353
\c@origpublisher=\count354
\c@savedorigpublisher=\count355
\c@publisher=\count356
\c@savedpublisher=\count357
\c@language=\count358
\c@savedlanguage=\count359
\c@pageref=\count360
\c@savedpageref=\count361
\shorthandwidth=\skip99
\shortjournalwidth=\skip100
\shortserieswidth=\skip101
\shorttitlewidth=\skip102
\shortauthorwidth=\skip103
\shorteditorwidth=\skip104
Package biblatex Info: Trying to load compatibility code...
Package biblatex Info: ... file 'blx-compat.def' found.

(/usr/local/texlive/2014basic/texmf-dist/tex/latex/biblatex/blx-compat.def
File: blx-compat.def 2014/06/25 v2.9a biblatex compatibility (PK/JW/AB)
)
Package biblatex Info: Trying to load generic definitions...
Package biblatex Info: ... file 'biblatex.def' found.

(/usr/local/texlive/2014basic/texmf-dist/tex/latex/biblatex/biblatex.def
File: biblatex.def 
\c@textcitecount=\count362
\c@textcitetotal=\count363
\c@textcitemaxnames=\count364
\c@biburlnumpenalty=\count365
\c@biburlucpenalty=\count366
\c@biburllcpenalty=\count367
\c@smartand=\count368
)
Package biblatex Info: Trying to load bibliography style 'chicago-notes15'...
Package biblatex Info: ... file 'chicago-notes15.bbx' found.

(/usr/local/texlive/2014basic/texmf-dist/tex/latex/biblatex-chicago/chicago-not
es15.bbx
File: chicago-notes15.bbx 2014/08/15 v 2.9a biblatex bibliography style
\lositemsep=\skip105
)
Package biblatex Info: Trying to load citation style 'chicago-notes15'...
Package biblatex Info: ... file 'chicago-notes15.cbx' found.

(/usr/local/texlive/2014basic/texmf-dist/tex/latex/biblatex-chicago/chicago-not
es15.cbx
File: chicago-notes15.cbx 2013/10/21 v 2.8 biblatex citation style
Package biblatex Info: Redefining '\cite'.
Package biblatex Info: Redefining '\parencite'.
Package biblatex Info: Redefining '\footcite'.
Package biblatex Info: Redefining '\smartcite'.
Package biblatex Info: Redefining '\smartcites'.
Package biblatex Info: Redefining '\footfullcite'.
Package biblatex Info: Redefining '\fullcite'.
Package biblatex Info: Redefining '\citeauthor'.
)
Package biblatex Info: Trying to load configuration file...
Package biblatex Info: ... file 'biblatex.cfg' found.

(/usr/local/texlive/2014basic/texmf-dist/tex/latex/biblatex/biblatex.cfg
File: biblatex.cfg 
))))

Package geometry Warning: Over-specification in `h'-direction.
    `width' (317.98755pt) is ignored.

(/usr/local/texlive/2014basic/texmf-dist/tex/xelatex/marginnote/marginnote.sty
Package: marginnote 2012/03/29 v1.1i non floating margin notes for LaTeX
\c@mn@abspage=\count369
)
\g__file_internal_ior=\read2
.................................................
. fontspec info: "no-scripts"
. 
. Font Times does not contain any OpenType `Script' information.
.................................................
\g__fontspec_family_Times_int=\count370
.................................................
. fontspec info: "defining-font"
. 
. Font family 'Times(0)' created for font 'Times' with options [].
. 
. This font family consists of the following shapes:
. 
. * 'normal' with NFSS spec.:
. <->"Times/AAT:"
. 
. * 'small caps' with NFSS spec.:
. 
. and font adjustment code:
. 
. 
. * 'bold' with NFSS spec.:
. <->"Times/B/AAT:"
. 
. * 'bold small caps' with NFSS spec.:
. 
. and font adjustment code:
. 
. 
. * 'italic' with NFSS spec.:
. <->"Times/I/AAT:"
. 
. * 'small caps' with NFSS spec.:
. 
. and font adjustment code:
. 
. 
. * 'bold italic' with NFSS spec.:
. <->"Times/BI/AAT:"
. 
. * 'bold small caps' with NFSS spec.:
. 
. and font adjustment code:
. 
.................................................
.................................................
. fontspec info: "no-scripts"
. 
. Font News Gothic MT does not contain any OpenType `Script' information.
.................................................
\g__fontspec_family_NewsGothicMT_int=\count371
.................................................
. fontspec info: "defining-font"
. 
. Font family 'NewsGothicMT(0)' created for font 'News Gothic MT' with options
. [].
. 
. This font family consists of the following shapes:
. 
. * 'normal' with NFSS spec.:
. <->"News Gothic MT/AAT:"
. 
. * 'small caps' with NFSS spec.:
. 
. and font adjustment code:
. 
. 
. * 'bold' with NFSS spec.:
. <->"News Gothic MT/B/AAT:"
. 
. * 'bold small caps' with NFSS spec.:
. 
. and font adjustment code:
. 
. 
. * 'italic' with NFSS spec.:
. <->"News Gothic MT/I/AAT:"
. 
. * 'small caps' with NFSS spec.:
. 
. and font adjustment code:
. 
. 
. * 'bold italic' with NFSS spec.:
. <->"News Gothic MT/BI/AAT:"
. 
. * 'bold small caps' with NFSS spec.:
. 
. and font adjustment code:
. 
.................................................
.................................................
. fontspec info: "no-scripts"
. 
. Font Franklin Gothic Medium does not contain any OpenType `Script'
. information.
.................................................
\g__fontspec_family_FranklinGothicMedium_int=\count372
.................................................
. fontspec info: "no-font-shape"
. 
. Could not resolve font Franklin Gothic Medium/B (it probably doesn't exist).
.................................................
.................................................
. fontspec info: "defining-font"
. 
. Font family 'FranklinGothicMedium(0)' created for font 'Franklin Gothic
. Medium' with options [].
. 
. This font family consists of the following shapes:
. 
. * 'normal' with NFSS spec.:
. <->"Franklin Gothic Medium/AAT:"
. 
. * 'small caps' with NFSS spec.:
. 
. and font adjustment code:
. 
. 
. * 'italic' with NFSS spec.:
. <->"Franklin Gothic Medium/I/AAT:"
. 
. * 'small caps' with NFSS spec.:
. 
. and font adjustment code:
. 
. 
. * 'bold italic' with NFSS spec.:
. <->"Franklin Gothic Medium/BI/AAT:"
. 
. * 'bold small caps' with NFSS spec.:
. 
. and font adjustment code:
. 
.................................................
(/usr/local/texlive/2014basic/texmf-dist/tex/xelatex/framed/framed.sty
Package: framed 2011/10/22 v 0.96: framed or shaded text with page breaks
\OuterFrameSep=\skip106
\fb@frw=\dimen177
\fb@frh=\dimen178
\FrameRule=\dimen179
\FrameSep=\dimen180
)
(/usr/local/texlive/2014basic/texmf-dist/tex/xelatex/lipsum/lipsum.sty
Package: lipsum 2014/07/27 v1.3 150 paragraphs of Lorem Ipsum dummy text
\c@lips@count=\count373
)
(/usr/local/texlive/2014basic/texmf-dist/tex/latex/booktabs/booktabs.sty
Package: booktabs 2005/04/14 v1.61803 publication quality tables
\heavyrulewidth=\dimen181
\lightrulewidth=\dimen182
\cmidrulewidth=\dimen183
\belowrulesep=\dimen184
\belowbottomsep=\dimen185
\aboverulesep=\dimen186
\abovetopsep=\dimen187
\cmidrulesep=\dimen188
\cmidrulekern=\dimen189
\defaultaddspace=\dimen190
\@cmidla=\count374
\@cmidlb=\count375
\@aboverulesep=\dimen191
\@belowrulesep=\dimen192
\@thisruleclass=\count376
\@lastruleclass=\count377
\@thisrulewidth=\dimen193
)
(/usr/local/texlive/2014basic/texmf-dist/tex/latex/fancyvrb/fancyvrb.sty
Package: fancyvrb 2008/02/07

Style option: `fancyvrb' v2.7a, with DG/SPQR fixes, and firstline=lastline fix 
<2008/02/07> (tvz)
\FV@CodeLineNo=\count378
\FV@InFile=\read3
\FV@TabBox=\box77
\c@FancyVerbLine=\count379
\FV@StepNumber=\count380
\FV@OutFile=\write5
)
(/usr/local/texlive/2014basic/texmf-dist/tex/latex/tools/xspace.sty
Package: xspace 2014/10/28 v1.13 Space after command names (DPC,MH)
)
(/usr/local/texlive/2014basic/texmf-dist/tex/xelatex/units/units.sty
Package: units 1998/08/04 v0.9b Typesetting units

(/usr/local/texlive/2014basic/texmf-dist/tex/xelatex/units/nicefrac.sty
Package: nicefrac 1998/08/04 v0.9b Nice fractions
\L@UnitsRaiseDisplaystyle=\skip107
\L@UnitsRaiseTextstyle=\skip108
\L@UnitsRaiseScriptstyle=\skip109
))
(/usr/local/texlive/2014basic/texmf-dist/tex/latex/base/makeidx.sty
Package: makeidx 2014/09/29 v1.0m Standard LaTeX package
)
\@indexfile=\write6
\openout6 = `ChatAppsFormat.idx'.


Writing index file ChatAppsFormat.idx
Package csquotes Info: Checking for multilingual support...
Package csquotes Info: ... found 'babel' package.
Package biblatex Info: Trying to load language 'american' -> 'cms-american'...
Package biblatex Info: ... file 'cms-american.lbx' found.

(/usr/local/texlive/2014basic/texmf-dist/tex/latex/biblatex-chicago/cms-america
n.lbx
File: cms-american.lbx 2013/10/29 v 2.8 biblatex localization
Package biblatex Info: Trying to load language 'american'...
Package biblatex Info: ... file 'american.lbx' found.

(/usr/local/texlive/2014basic/texmf-dist/tex/latex/biblatex/lbx/american.lbx
File: american.lbx 2014/06/25 v2.9a biblatex localization (PK/JW/AB)
Package biblatex Info: Trying to load language 'english'...
Package biblatex Info: ... file 'english.lbx' found.

(/usr/local/texlive/2014basic/texmf-dist/tex/latex/biblatex/lbx/english.lbx
File: english.lbx 2014/06/25 v2.9a biblatex localization (PK/JW/AB)
)))
(./ChatAppsFormat.aux)
\openout1 = `ChatAppsFormat.aux'.

LaTeX Font Info:    Checking defaults for OML/cmm/m/it on input line 251.
LaTeX Font Info:    ... okay on input line 251.
LaTeX Font Info:    Checking defaults for T1/cmr/m/n on input line 251.
LaTeX Font Info:    ... okay on input line 251.
LaTeX Font Info:    Checking defaults for OT1/cmr/m/n on input line 251.
LaTeX Font Info:    ... okay on input line 251.
LaTeX Font Info:    Checking defaults for OMS/cmsy/m/n on input line 251.
LaTeX Font Info:    ... okay on input line 251.
LaTeX Font Info:    Checking defaults for OMX/cmex/m/n on input line 251.
LaTeX Font Info:    ... okay on input line 251.
LaTeX Font Info:    Checking defaults for U/cmr/m/n on input line 251.
LaTeX Font Info:    ... okay on input line 251.
LaTeX Font Info:    Checking defaults for EU1/lmr/m/n on input line 251.
LaTeX Font Info:    ... okay on input line 251.
LaTeX Font Info:    Checking defaults for T3/cmr/m/n on input line 251.
LaTeX Font Info:    Try loading font information for T3+cmr on input line 251.

(/usr/local/texlive/2014basic/texmf-dist/tex/latex/tipa/t3cmr.fd
File: t3cmr.fd 2001/12/31 TIPA font definitions
)
LaTeX Font Info:    ... okay on input line 251.
LaTeX Font Info:    Checking defaults for PD1/pdf/m/n on input line 251.
LaTeX Font Info:    ... okay on input line 251.
LaTeX Font Info:    Checking defaults for PU/pdf/m/n on input line 251.
LaTeX Font Info:    ... okay on input line 251.
LaTeX Font Info:    Checking defaults for TS1/cmr/m/n on input line 251.
LaTeX Font Info:    Try loading font information for TS1+cmr on input line 251.


(/usr/local/texlive/2014basic/texmf-dist/tex/latex/base/ts1cmr.fd
File: ts1cmr.fd 2014/09/29 v2.5h Standard LaTeX font definitions
)
LaTeX Font Info:    ... okay on input line 251.
.................................................
. fontspec info: "setup-math"
. 
. Adjusting the maths setup (use [no-math] to avoid this).
.................................................
\symlegacymaths=\mathgroup4
LaTeX Font Info:    Overwriting symbol font `legacymaths' in version `bold'
(Font)                  OT1/cmr/m/n --> OT1/cmr/bx/n on input line 251.
LaTeX Font Info:    Redeclaring math accent \acute on input line 251.
LaTeX Font Info:    Redeclaring math accent \grave on input line 251.
LaTeX Font Info:    Redeclaring math accent \ddot on input line 251.
LaTeX Font Info:    Redeclaring math accent \tilde on input line 251.
LaTeX Font Info:    Redeclaring math accent \bar on input line 251.
LaTeX Font Info:    Redeclaring math accent \breve on input line 251.
LaTeX Font Info:    Redeclaring math accent \check on input line 251.
LaTeX Font Info:    Redeclaring math accent \hat on input line 251.
LaTeX Font Info:    Redeclaring math accent \dot on input line 251.
LaTeX Font Info:    Redeclaring math accent \mathring on input line 251.
LaTeX Font Info:    Redeclaring math symbol \colon on input line 251.
LaTeX Font Info:    Redeclaring math symbol \Gamma on input line 251.
LaTeX Font Info:    Redeclaring math symbol \Delta on input line 251.
LaTeX Font Info:    Redeclaring math symbol \Theta on input line 251.
LaTeX Font Info:    Redeclaring math symbol \Lambda on input line 251.
LaTeX Font Info:    Redeclaring math symbol \Xi on input line 251.
LaTeX Font Info:    Redeclaring math symbol \Pi on input line 251.
LaTeX Font Info:    Redeclaring math symbol \Sigma on input line 251.
LaTeX Font Info:    Redeclaring math symbol \Upsilon on input line 251.
LaTeX Font Info:    Redeclaring math symbol \Phi on input line 251.
LaTeX Font Info:    Redeclaring math symbol \Psi on input line 251.
LaTeX Font Info:    Redeclaring math symbol \Omega on input line 251.
LaTeX Font Info:    Redeclaring math symbol \mathdollar on input line 251.
LaTeX Font Info:    Redeclaring symbol font `operators' on input line 251.
LaTeX Font Info:    Encoding `OT1' has changed to `EU1' for symbol font
(Font)              `operators' in the math version `normal' on input line 251.

LaTeX Font Info:    Overwriting symbol font `operators' in version `normal'
(Font)                  OT1/cmr/m/n --> EU1/lmr/m/n on input line 251.
LaTeX Font Info:    Encoding `OT1' has changed to `EU1' for symbol font
(Font)              `operators' in the math version `bold' on input line 251.
LaTeX Font Info:    Overwriting symbol font `operators' in version `bold'
(Font)                  OT1/cmr/bx/n --> EU1/lmr/m/n on input line 251.
LaTeX Font Info:    Overwriting symbol font `operators' in version `normal'
(Font)                  EU1/lmr/m/n --> EU1/lmr/m/n on input line 251.
LaTeX Font Info:    Overwriting math alphabet `\mathit' in version `normal'
(Font)                  OT1/cmr/m/it --> EU1/lmr/m/it on input line 251.
LaTeX Font Info:    Overwriting math alphabet `\mathbf' in version `normal'
(Font)                  OT1/cmr/bx/n --> EU1/lmr/bx/n on input line 251.
LaTeX Font Info:    Overwriting math alphabet `\mathsf' in version `normal'
(Font)                  OT1/cmss/m/n --> EU1/lmss/m/n on input line 251.
LaTeX Font Info:    Overwriting math alphabet `\mathtt' in version `normal'
(Font)                  OT1/cmtt/m/n --> EU1/lmtt/m/n on input line 251.
LaTeX Font Info:    Overwriting symbol font `operators' in version `bold'
(Font)                  EU1/lmr/m/n --> EU1/lmr/bx/n on input line 251.
LaTeX Font Info:    Overwriting math alphabet `\mathit' in version `bold'
(Font)                  OT1/cmr/bx/it --> EU1/lmr/bx/it on input line 251.
LaTeX Font Info:    Overwriting math alphabet `\mathsf' in version `bold'
(Font)                  OT1/cmss/bx/n --> EU1/lmss/bx/n on input line 251.
LaTeX Font Info:    Overwriting math alphabet `\mathtt' in version `bold'
(Font)                  OT1/cmtt/m/n --> EU1/lmtt/bx/n on input line 251.
\AtBeginShipoutBox=\box78
Package hyperref Info: Link coloring ON on input line 251.

(/usr/local/texlive/2014basic/texmf-dist/tex/latex/hyperref/nameref.sty
Package: nameref 2012/10/27 v2.43 Cross-referencing by name of section

(/usr/local/texlive/2014basic/texmf-dist/tex/generic/oberdiek/gettitlestring.st
y
Package: gettitlestring 2010/12/03 v1.4 Cleanup title references (HO)
)
\c@section@level=\count381
)
LaTeX Info: Redefining \ref on input line 251.
LaTeX Info: Redefining \pageref on input line 251.
LaTeX Info: Redefining \nameref on input line 251.
 (./ChatAppsFormat.out) (./ChatAppsFormat.out)
\@outlinefile=\write7
\openout7 = `ChatAppsFormat.out'.


ABD: EverySelectfont initializing macros
LaTeX Info: Redefining \selectfont on input line 251.

*geometry* driver: auto-detecting
*geometry* detected driver: xetex
*geometry* verbose mode - [ preamble ] result:
* driver: xetex
* paper: a5paper
* layout: <same size as paper>
* layoutoffset:(h,v)=(0.0pt,0.0pt)
* modes: twoside 
* h-part:(L,W,R)=(43.36243pt, 334.37593pt, 43.36243pt)
* v-part:(T,H,B)=(49.68562pt, 493.60422pt, 54.21803pt)
* \paperwidth=421.10078pt
* \paperheight=597.50787pt
* \textwidth=334.37593pt
* \textheight=493.60422pt
* \oddsidemargin=-28.90756pt
* \evensidemargin=-28.90756pt
* \topmargin=-50.58437pt
* \headheight=14.0pt
* \headsep=14.0pt
* \topskip=10.0pt
* \footskip=25.29494pt
* \marginparwidth=7.22743pt
* \marginparsep=7.22743pt
* \columnsep=10.0pt
* \skip\footins=13.0pt plus 6.0pt minus 2.0pt
* \hoffset=0.0pt
* \voffset=0.0pt
* \mag=1000
* \@twocolumnfalse
* \@twosidetrue
* \@mparswitchtrue
* \@reversemarginfalse
* (1in=72.27pt=25.4mm, 1cm=28.453pt)

\langwohyphens=\language22
Package biblatex Info: XeTeX detected.
(biblatex)             Assuming input encoding 'utf8'.
Package biblatex Info: Data encoding 'latin1' specified.
(biblatex)             Backend will reencode on the fly.
\openout4 = `ChatAppsFormat.bcf'.

Package biblatex Info: Trying to load bibliographic data...
Package biblatex Info: ... file 'ChatAppsFormat.bbl' found.
(./ChatAppsFormat.bbl

Package biblatex Warning: Biber reported the following issues
(biblatex)                with 'eMarketerSMS':
(biblatex)                - Datamodel: Entry 'eMarketerSMS' (ChatAppsCitations.
bib): Invalid format '27 October 2015' of date field 'urldate' - ignoring.


Package biblatex Warning: Biber reported the following issues
(biblatex)                with 'BIchatapps':
(biblatex)                - Datamodel: Entry 'BIchatapps' (ChatAppsCitations.bi
b): Invalid format '27 October 2015' of date field 'urldate' - ignoring.


Package biblatex Warning: Biber reported the following issues
(biblatex)                with 'BarotEbola':
(biblatex)                - Datamodel: Entry 'BarotEbola' (ChatAppsCitations.bi
b): Invalid format '27 October 2015' of date field 'urldate' - ignoring.


Package biblatex Warning: Biber reported the following issues
(biblatex)                with 'BBCWhatsApp':
(biblatex)                - Datamodel: Entry 'BBCWhatsApp' (ChatAppsCitations.b
ib): Invalid format '27 October 2015' of date field 'urldate' - ignoring.


Package biblatex Warning: Biber reported the following issues
(biblatex)                with 'TelegramBots':
(biblatex)                - Datamodel: Entry 'TelegramBots' (ChatAppsCitations.
bib): Invalid format '27 October 2015' of date field 'urldate' - ignoring.


Package biblatex Warning: Biber reported the following issues
(biblatex)                with 'FCInsideSnapchat':
(biblatex)                - Datamodel: Entry 'FCInsideSnapchat' (ChatAppsCitati
ons.bib): Invalid format '27 October 2015' of date field 'urldate' - ignoring.


Package biblatex Warning: Biber reported the following issues
(biblatex)                with 'TelegramChannels':
(biblatex)                - Datamodel: Entry 'TelegramChannels' (ChatAppsCitati
ons.bib): Invalid format '27 October 2015' of date field 'urldate' - ignoring.


Package biblatex Warning: Biber reported the following issues
(biblatex)                with 'ForbesKik':
(biblatex)                - Datamodel: Entry 'ForbesKik' (ChatAppsCitations.bib
): Invalid format '27 October 2015' of date field 'urldate' - ignoring.


Package biblatex Warning: Biber reported the following issues
(biblatex)                with 'BILINE':
(biblatex)                - Datamodel: Entry 'BILINE' (ChatAppsCitations.bib): 
Invalid format '29 October 2015' of date field 'urldate' - ignoring.


Package biblatex Warning: Biber reported the following issues
(biblatex)                with 'BBCNepal':
(biblatex)                - Datamodel: Entry 'BBCNepal' (ChatAppsCitations.bib)
: Invalid format '27 October 2015' of date field 'urldate' - ignoring.


Package biblatex Warning: Biber reported the following issues
(biblatex)                with 'FCSnapchat':
(biblatex)                - Datamodel: Entry 'FCSnapchat' (ChatAppsCitations.bi
b): Invalid format '27 October 2015' of date field 'urldate' - ignoring.


Package biblatex Warning: Biber reported the following issues
(biblatex)                with 'BenEvansChatApps':
(biblatex)                - Datamodel: Entry 'BenEvansChatApps' (ChatAppsCitati
ons.bib): Invalid format '27 October 2015' of date field 'urldate' - ignoring.


Package biblatex Warning: Biber reported the following issues
(biblatex)                with 'BenEvansWhatsApp':
(biblatex)                - Datamodel: Entry 'BenEvansWhatsApp' (ChatAppsCitati
ons.bib): Invalid format '27 October 2015' of date field 'urldate' - ignoring.


Package biblatex Warning: Biber reported the following issues
(biblatex)                with 'FacebookMessenger':
(biblatex)                - Datamodel: Entry 'FacebookMessenger' (ChatAppsCitat
ions.bib): Invalid format '27 October 2015' of date field 'urldate' - ignoring.



Package biblatex Warning: Biber reported the following issues
(biblatex)                with 'SnapchatDiscover':
(biblatex)                - Datamodel: Entry 'SnapchatDiscover' (ChatAppsCitati
ons.bib): Invalid format '27 October 2015' of date field 'urldate' - ignoring.


Package biblatex Warning: Biber reported the following issues
(biblatex)                with 'RecodeBuzzfeed':
(biblatex)                - Datamodel: Entry 'RecodeBuzzfeed' (ChatAppsCitation
s.bib): Invalid format '27 October 2015' of date field 'urldate' - ignoring.


Package biblatex Warning: Biber reported the following issues
(biblatex)                with 'Line2014results':
(biblatex)                - Datamodel: Entry 'Line2014results' (ChatAppsCitatio
ns.bib): Invalid format '27 October 2015' of date field 'urldate' - ignoring.


Package biblatex Warning: Biber reported the following issues
(biblatex)                with 'BBCNewsChatApps':
(biblatex)                - Datamodel: Entry 'BBCNewsChatApps' (ChatAppsCitatio
ns.bib): Invalid format '27 October 2015' of date field 'urldate' - ignoring.


Package biblatex Warning: Biber reported the following issues
(biblatex)                with 'MediumKik':
(biblatex)                - Datamodel: Entry 'MediumKik' (ChatAppsCitations.bib
): Invalid format '27 October 2015' of date field 'urldate' - ignoring.


Package biblatex Warning: Biber reported the following issues
(biblatex)                with 'TechCrunch':
(biblatex)                - Datamodel: Entry 'TechCrunch' (ChatAppsCitations.bi
b): Invalid format '27 October 2015' of date field 'urldate' - ignoring.


Package biblatex Warning: Biber reported the following issues
(biblatex)                with 'CNNCliff':
(biblatex)                - Datamodel: Entry 'CNNCliff' (ChatAppsCitations.bib)
: Invalid format '27 October 2015' of date field 'urldate' - ignoring.


Package biblatex Warning: Biber reported the following issues
(biblatex)                with 'NYTbots':
(biblatex)                - Datamodel: Entry 'NYTbots' (ChatAppsCitations.bib):
 Invalid format '27 October 2015' of date field 'urldate' - ignoring.


Package biblatex Warning: Biber reported the following issues
(biblatex)                with 'Meeker2015':
(biblatex)                - Datamodel: Entry 'Meeker2015' (ChatAppsCitations.bi
b): Invalid format '27 October 2015' of date field 'urldate' - ignoring.


Package biblatex Warning: Biber reported the following issues
(biblatex)                with 'WSJKik':
(biblatex)                - Datamodel: Entry 'WSJKik' (ChatAppsCitations.bib): 
Invalid format '27 October 2015' of date field 'urldate' - ignoring.


Package biblatex Warning: Biber reported the following issues
(biblatex)                with 'NYTsnapchat':
(biblatex)                - Datamodel: Entry 'NYTsnapchat' (ChatAppsCitations.b
ib): Invalid format '27 October 2015' of date field 'urldate' - ignoring.


Package biblatex Warning: Biber reported the following issues
(biblatex)                with 'DigidaySnapchat':
(biblatex)                - Datamodel: Entry 'DigidaySnapchat' (ChatAppsCitatio
ns.bib): Invalid format '27 October 2015' of date field 'urldate' - ignoring.


Package biblatex Warning: Biber reported the following issues
(biblatex)                with 'MashableChatApps':
(biblatex)                - Datamodel: Entry 'MashableChatApps' (ChatAppsCitati
ons.bib): Invalid format '27 October 2015' of date field 'urldate' - ignoring.


Package biblatex Warning: Biber reported the following issues
(biblatex)                with 'KUTSnapchatElection':
(biblatex)                - Datamodel: Entry 'KUTSnapchatElection' (ChatAppsCit
ations.bib): Invalid format '27 October 2015' of date field 'urldate' - ignorin
g.


Package biblatex Warning: Biber reported the following issues
(biblatex)                with 'TechCrunchBots':
(biblatex)                - Datamodel: Entry 'TechCrunchBots' (ChatAppsCitation
s.bib): Invalid format '27 October 2015' of date field 'urldate' - ignoring.


Package biblatex Warning: Biber reported the following issues
(biblatex)                with 'DigidayCosmo':
(biblatex)                - Datamodel: Entry 'DigidayCosmo' (ChatAppsCitations.
bib): Invalid format '27 October 2015' of date field 'urldate' - ignoring.


Package biblatex Warning: Biber reported the following issues
(biblatex)                with 'FacebookWhatsApp':
(biblatex)                - Datamodel: Entry 'FacebookWhatsApp' (ChatAppsCitati
ons.bib): Invalid format '27 October 2015' of date field 'urldate' - ignoring.


Package biblatex Warning: Biber reported the following issues
(biblatex)                with 'TencentResults':
(biblatex)                - Datamodel: Entry 'TencentResults' (ChatAppsCitation
s.bib): Invalid format '27 October 2015' of date field 'urldate' - ignoring.


Package biblatex Warning: Biber reported the following issues
(biblatex)                with 'MagidStudy':
(biblatex)                - Datamodel: Entry 'MagidStudy' (ChatAppsCitations.bi
b): Invalid format '27 October 2015' of date field 'urldate' - ignoring.


Package biblatex Warning: Biber reported the following issues
(biblatex)                with 'EngadgetFacebook':
(biblatex)                - Datamodel: Entry 'EngadgetFacebook' (ChatAppsCitati
ons.bib): Invalid format '29 October 2015' of date field 'urldate' - ignoring.


Package biblatex Warning: Biber reported the following issues
(biblatex)                with 'BingXiaoIce':
(biblatex)                - Datamodel: Entry 'BingXiaoIce' (ChatAppsCitations.b
ib): Invalid format '27 October 2015' of date field 'urldate' - ignoring.


Package biblatex Warning: Biber reported the following issues
(biblatex)                with 'AVCwhatjusthappened':
(biblatex)                - Datamodel: Entry 'AVCwhatjusthappened' (ChatAppsCit
ations.bib): Invalid format '27 October 2015' of date field 'urldate' - ignorin
g.


Package biblatex Warning: Biber reported the following issues
(biblatex)                with 'AppAnnie':
(biblatex)                - Datamodel: Entry 'AppAnnie' (ChatAppsCitations.bib)
: Invalid format '27 October 2015' of date field 'urldate' - ignoring.


Package biblatex Warning: Biber reported the following issues
(biblatex)                with 'BBCYikYak':
(biblatex)                - Datamodel: Entry 'BBCYikYak' (ChatAppsCitations.bib
): Invalid format '29 October 2015' of date field 'urldate' - ignoring.

)
Package biblatex Info: Reference section=0 on input line 251.
Package biblatex Info: Reference segment=0 on input line 251.
Package marginnote Info: \pdfoutput not 0 and \pdflastxpos available.
(marginnote)             Extended position detection mode activated.
 [1


]
File: graphics/ColumbiaLogo.pdf Graphic file (type QTm)
 <use  "graphics/ColumbiaLogo.pdf" >

LaTeX Warning: Float too large for page by 5.0pt on input line 295.

[2] [3] [4]
LaTeX Font Info:    Try loading font information for T1+lmss on input line 306.

 (/usr/local/texlive/2014basic/texmf-dist/tex/latex/lm/t1lmss.fd
File: t1lmss.fd 2009/10/30 v1.6 Font defs for Latin Modern
)
[5] [6

] (./ChatAppsFormat.toc
LaTeX Font Info:    External font `cmex10' loaded for size
(Font)              <7> on input line 11.
LaTeX Font Info:    External font `cmex10' loaded for size
(Font)              <5> on input line 11.
)
\tf@toc=\write8
\openout8 = `ChatAppsFormat.toc'.

 [7] [8

] [9


] [10]
Overfull \hbox (9.73532pt too wide) in paragraph at lines 327--328
\T1/lmr/m/n/10 Messaging apps now have more global users than tra-di-tional so-
cial networks--- 
 []


Underfull \vbox (badness 10000) has occurred while \output is active []



LaTeX Font Warning: Font shape `EU1/FranklinGothicMedium(0)/bx/n' undefined
(Font)              using `EU1/FranklinGothicMedium(0)/m/n' instead on input li
ne 338.

[11]
LaTeX Font Info:    Try loading font information for TS1+lmr on input line 351.

 (/usr/local/texlive/2014basic/texmf-dist/tex/latex/lm/ts1lmr.fd
File: ts1lmr.fd 2009/10/30 v1.6 Font defs for Latin Modern
) [12]
Underfull \vbox (badness 10000) has occurred while \output is active []

 [13]
[14] [15] [16

] [17] [18]
LaTeX Font Info:    External font `cmex10' loaded for size
(Font)              <9> on input line 384.
LaTeX Font Info:    External font `cmex10' loaded for size
(Font)              <6> on input line 384.
\openout3 = `ChatAppsFormat.ent'.

File: graphics/CHATAPPS_Page6_Chart.png Graphic file (type QTm)
 <use  "graphics/CHATAPPS_Page6_Chart.png" > [19]
Underfull \vbox (badness 10000) has occurred while \output is active []

 [20]
[21] [22]
File: graphics/CHATAPPS_Page9_Graph.png Graphic file (type QTm)
 <use  "graphics/CHATAPPS_Page9_Graph.png" >
Underfull \vbox (badness 3965) has occurred while \output is active []

 [23]
[24] [25]
Underfull \vbox (badness 10000) has occurred while \output is active []

 [26]
[27] [28

] [29] [30]
Overfull \hbox (13.5894pt too wide) in paragraph at lines 531--531
|\EU1/FranklinGothicMedium(0)/m/n/19 LINE: Japanese Chat App Spins Fun Visuals 

 []

[31]
File: graphics/CHATAPPS_Page15_BF2.png Graphic file (type QTm)
 <use  "graphics/CHATAPPS_Page15_BF2.png" >
File: graphics/CHATAPPS_Page15_BF3.png Graphic file (type QTm)

<use  "graphics/CHATAPPS_Page15_BF3.png" > [32]
Overfull \hbox (25.0531pt too wide) in paragraph at lines 596--596
|\EU1/FranklinGothicMedium(0)/m/n/19 WeChat: China's Tencent Reinvents the Web
 []

[33] [34] [35] [36]
File: graphics/CHATAPPS_Page19_Kik2.png Graphic file (type QTm)
 <use  "graphics/CHATAPPS_Page19_Kik2.png" > [37] [38]
[39] [40] [41] [42]
Overfull \hbox (24.15239pt too wide) in paragraph at lines 791--791
|\EU1/FranklinGothicMedium(0)/m/n/13 CNN Courts Millennials With Bespoke Daily 
Content on Snapchat
 []

[43] [44] [45]
Overfull \hbox (27.47221pt too wide) in paragraph at lines 843--843
|\EU1/FranklinGothicMedium(0)/m/n/13 Snapchat's Peter Hamby Delivers Crowdsourc
ed News and Selfie-
 []

File: graphics/CHATAPPS_Page29_Iran2.png Graphic file (type QTm)
<use  "graphics/CHATAPPS_Page29_Iran2.png" >
Underfull \vbox (badness 3536) has occurred while \output is active []

 [46]
File: graphics/CHATAPPS_Page30_Tweet1.png Graphic file (type QTm)

<use  "graphics/CHATAPPS_Page30_Tweet1.png" >
File: graphics/CHATAPPS_Page30_Tweet2.png Graphic file (type QTm)

<use  "graphics/CHATAPPS_Page30_Tweet2.png" >
File: graphics/CHATAPPS_Page30_Tweet3.png Graphic file (type QTm)

<use  "graphics/CHATAPPS_Page30_Tweet3.png" >
File: graphics/CHATAPPS_Page30_Tweet4.png Graphic file (type QTm)

<use  "graphics/CHATAPPS_Page30_Tweet4.png" >
Underfull \vbox (badness 1688) has occurred while \output is active []

 [47]
[48]
File: graphics/CHATAPPS_Page33_Viber.png Graphic file (type QTm)
 <use  "graphics/CHATAPPS_Page33_Viber.png" >
Underfull \vbox (badness 3815) has occurred while \output is active []

 [49]
Overfull \hbox (4.60583pt too wide) in paragraph at lines 964--964
|\EU1/FranklinGothicMedium(0)/m/n/19 Telegram: Chat Encryption for the Masses| 

 []

[50]
Underfull \vbox (badness 10000) has occurred while \output is active []

 [51]
[52] [53

] [54]
Overfull \hbox (36.37456pt too wide) in paragraph at lines 1008--1008
|\EU1/FranklinGothicMedium(0)/m/n/19 Trends Underlying the Popularity of Chat A
pps| 
 []

[55]
Overfull \hbox (16.8145pt too wide) in paragraph at lines 1028--1028
|\EU1/FranklinGothicMedium(0)/m/n/13 Accelerating learning and content innovati
on on mobile phones| 
 []

[56] [57]
Overfull \hbox (1.13579pt too wide) in paragraph at lines 1061--1061
|\EU1/FranklinGothicMedium(0)/m/n/13 The growing importance of security, circum
vention, and data
 []

[58]
Overfull \hbox (22.45122pt too wide) in paragraph at lines 1076--1076
|\EU1/FranklinGothicMedium(0)/m/n/13 The emergence of regionalized and local me
ssaging-app ecosys-
 []


Underfull \vbox (badness 10000) has occurred while \output is active []

 [59]
[60] [61] [62] [63] [64

] [65] [66] [67] [68

] [69] [70] [71] [72

] [73] [74]
[75] [76

] [77] [78] (./ChatAppsFormat.ent
Overfull \hbox (5.41702pt too wide) in paragraph at lines 2--6
[][][][]\T1/lmr/m/n/9 F. Wil-son, ^^P  What Just Hap-pened?^^Q \T1/lmr/m/it/9 A
VC\T1/lmr/m/n/9 , 31 De-cem-ber 2014, [][]$http : / / avc . com /
 []


Overfull \hbox (22.11615pt too wide) in paragraph at lines 8--12
[][][][]\T1/lmr/m/n/9 M. Bal-lve, ^^P  Mes-sag-ing Apps Are Over-tak-ing So-cia
l Net-works to Be-come the Dom-
 []


Overfull \hbox (30.67743pt too wide) in paragraph at lines 8--12
\T1/lmr/m/n/9 i-nant Plat-forms on Phones,^^Q \T1/lmr/m/it/9 Busi-ness In-sider
\T1/lmr/m/n/9 , 10 April 2015, [][]$http : / / www . businessinsider .
 []


Overfull \hbox (9.85542pt too wide) in paragraph at lines 20--24
[][][][]\T1/lmr/m/n/9 ^^P  Are We Watch-ing the Death of SMS?^^Q eMar-keter, 2 
March 2015, [][]$http : / / www .
 []


Overfull \hbox (4.17119pt too wide) in paragraph at lines 26--30
[][][][]\T1/lmr/m/n/9 B. Evans, ^^P  Whats-App Sails Past SMS, but Where Does M
es-sag-ing Go Next?^^Q
 []


Overfull \hbox (1.61537pt too wide) in paragraph at lines 32--36
[][][]\T1/lmr/m/n/9 Cook, [][]^^P  Japanese Mes-sag-ing App LINE is Blow-ing Up
, and These Stats Prove
 []


Overfull \hbox (3.05006pt too wide) in paragraph at lines 38--42
[][][][]\T1/lmr/m/n/9 ^^P  World-wide App An-nie In-dex for Apps June 2015,^^Q 
App An-nie, 23 July 2015,
 []


Overfull \hbox (22.37823pt too wide) in paragraph at lines 44--48
[][][][]\T1/lmr/m/n/9 ^^P  LINE Cor-po-ra-tion An-nounces 2014 Fis-cal Year Re-
sults,^^Q LINE, 29 Jan-uary 2015,
 []


Overfull \hbox (16.42462pt too wide) in paragraph at lines 56--60
[][][][]\T1/lmr/m/n/9 ^^P  Ten-cent An-nounces 2015 Sec-ond Quar-ter and In-ter
im Re-sults,^^Q Ten-cent, 12 Au-
 []


Overfull \hbox (36.54393pt too wide) in paragraph at lines 62--66
[][][][]\T1/lmr/m/n/9 E. Macguire, ^^P  South Africa Shock Jock's `  Un-cen-sor
ed, Un-radio' Sta-tion on WeChat,^^Q
 []


Overfull \hbox (23.72446pt too wide) in paragraph at lines 74--78
[][][][]\T1/lmr/m/n/9 K. Chaykowski, ^^P  Kik, the Teen Mes-sag-ing Gi-ant, to 
Fo-cus an U.S. and Vi-ral Ads,^^Q
 []


Overfull \hbox (7.84369pt too wide) in paragraph at lines 80--84
[][][][]\T1/lmr/m/n/9 C. Mims, ^^P  Ad-ver-tis-ing's New Fron-tier: Talk to the
 Bot,^^Q \T1/lmr/m/it/9 The Wall Street Jour-
 []


Overfull \hbox (1.10368pt too wide) in paragraph at lines 92--96
[][][][]\T1/lmr/m/n/9 T. Barot, ^^P  How BBC Ebola Whats-App Ser-vice is Bat-tl
ing Virus and Find-ing
 []


Underfull \vbox (badness 10000) has occurred while \output is active []

 [79]
Overfull \hbox (3.50714pt too wide) in paragraph at lines 110--114
[][][][]\T1/lmr/m/n/9 A. Daye and R. Irvine-Brown, ^^P  Nepal Quake: What Hap-p
ens to Those Try-ing
 []


Overfull \hbox (10.91335pt too wide) in paragraph at lines 116--120
[][][][]\T1/lmr/m/n/9 A. Dug-dale, ^^P  Snapchat At-tempts to Move on From Its 
Sex-ting Rep-u-ta-tion with
 []


Overfull \hbox (1.45389pt too wide) in paragraph at lines 122--126
[][][][]\T1/lmr/m/n/9 T. Mins-berg, ^^P  Snapchat: A New Mo-bile Chal-lenge for
 Sto-ry-telling,^^Q \T1/lmr/m/it/9 The New
 []


Overfull \hbox (9.02588pt too wide) in paragraph at lines 128--132
[][][][]\T1/lmr/m/n/9 ^^P  In-tro-duc-ing Dis-cover,^^Q Snapchat, 27 Jan-uary 2
015, [][]$http : / / blog . snapchat . com /
 []


Overfull \hbox (14.96072pt too wide) in paragraph at lines 140--144
[][][][]\T1/lmr/m/n/9 L. Moses, ^^P  Snapchat Tweak Boosts Traf-fic for Pub-lis
h-ers: `  Our Views Have Dou-
 []


Overfull \hbox (12.07872pt too wide) in paragraph at lines 146--150
[][][][]\T1/lmr/m/n/9 N. Kul-win, ^^P  This Week on `  Re/code De-code': CEO Jo
nah Peretti Ex-plains How
 []


Overfull \hbox (8.51291pt too wide) in paragraph at lines 146--150
\T1/lmr/m/n/9 Buzz-Feed Won the In-ter-net (Up-dated),^^Q re/code, 16 Septem-be
r 2015, [][]$http : / / recode .
 []


Overfull \hbox (5.77956pt too wide) in paragraph at lines 152--156
[][][][]\T1/lmr/m/n/9 G. Sloane, ^^P  Cosmo is Get-ting 3 Mil-lion Read-ers a D
ay on Snapchat Dis-cover,^^Q
 []


Overfull \hbox (14.15971pt too wide) in paragraph at lines 158--162
[][][][]\T1/lmr/m/n/9 B. Philpott, ^^P  The Ticket: The Snapchat Elec-tion,^^Q 
KUT, 21 Oc-to-ber 2015, [][]$http :
 []


Overfull \hbox (4.34396pt too wide) in paragraph at lines 176--180
[][][][]\T1/lmr/m/n/9 ^^P  Chan-nels: Broad-cast-ing Done Right,^^Q Tele-gram, 
22 Septem-ber 2015, [][]$https : / /
 []


Overfull \hbox (1.98698pt too wide) in paragraph at lines 182--186
[][][][]\T1/lmr/m/n/9 ^^P  Bots: An In-tro-duc-tion for De-vel-op-ers,^^Q Tele-
gram, [][]$https : / / core . telegram . org /
 []


Overfull \hbox (17.86833pt too wide) in paragraph at lines 188--192
[][][][]\T1/lmr/m/n/9 N. Lo-mas, ^^P  Tele-gram Now See-ing 12BN Daily Mes-sage
s, Up From 1BN In Febru-
 []


Overfull \hbox (10.30379pt too wide) in paragraph at lines 188--192
\T1/lmr/m/n/9 ary,^^Q TechCrunch, 21 Septem-ber 2015, [][]$http : / / techcrunc
h . com / 2015 / 09 / 21 / telegram -[]
 []


Overfull \hbox (4.49527pt too wide) in paragraph at lines 194--198
[][][][]\T1/lmr/m/n/9 ^^P  The Magid So-cial Me-dia Study 2014,^^Q Magid, 2014,
 [][]$http : / / www . magid . com /
 []


Overfull \hbox (0.4037pt too wide) in paragraph at lines 206--210
[][][][]\T1/lmr/m/n/9 L. Franklin, ^^P  In-tro-duc-ing Mes-sen-ger Plat-form an
d Busi-nesses on Mes-sen-ger,^^Q
 []


Underfull \vbox (badness 10000) has occurred while \output is active []

 [80]
Overfull \hbox (0.74847pt too wide) in paragraph at lines 212--216
[][][][]\T1/lmr/m/n/9 S. Weitz, ^^P  Meet Xi-aoIce, Cor-tana's Lit-tle Sis-ter,
^^Q 5 Septem-ber 2014, [][]$https : / /
 []

)
Package atveryend Info: Empty hook `BeforeClearDocument' on input line 1203.
 [81]
Package atveryend Info: Empty hook `AfterLastShipout' on input line 1203.
 (./ChatAppsFormat.aux)
Package atveryend Info: Empty hook `AtVeryEndDocument' on input line 1203.
Package atveryend Info: Empty hook `AtEndAfterFileList' on input line 1203.


LaTeX Font Warning: Some font shapes were not available, defaults substituted.


LaTeX Warning: There were undefined references.


Package biblatex Warning: Please (re)run Biber on the file:
(biblatex)                ChatAppsFormat
(biblatex)                and rerun LaTeX afterwards.

Package logreq Info: Writing requests to 'ChatAppsFormat.run.xml'.
\openout1 = `ChatAppsFormat.run.xml'.

Package atveryend Info: Empty hook `AtVeryVeryEnd' on input line 1203.
 ) 
Here is how much of TeX's memory you used:
 32469 strings out of 495177
 589692 string characters out of 6175607
 1193177 words of memory out of 5000000
 35282 multiletter control sequences out of 15000+600000
 44817 words of font info for 67 fonts, out of 8000000 for 9000
 321 hyphenation exceptions out of 8191
 62i,13n,61p,10446b,2854s stack positions out of 5000i,500n,10000p,200000b,80000s

Output written on ChatAppsFormat.pdf (81 pages).
